<?xml version="1.0" encoding="UTF-8"?>
<!-- Generated by org.testng.reporters.JUnitXMLReporter -->
<testsuite ignored="0" hostname="Praise-Joseph" failures="0" tests="8" name="Parallel" time="716.14" errors="0" timestamp="2023-10-04T16:07:44 BST">
  <testcase classname="testPages.FilterTest" name="priceSortTest" time="35.449"/>
  <testcase classname="testPages.FilterTest" name="flightHoursTest" time="35.138"/>
  <testcase classname="testPages.FilterTest" name="flightStopTest" time="35.02"/>
  <testcase classname="testPages.SeatSelectionTest" name="selectFlightTest" time="17.221"/>
  <testcase classname="testPages.SeatSelectionTest" name="passengersCountIncrementTest" time="42.678"/>
  <testcase classname="testPages.SeatSelectionTest" name="checkTheTypeOfSeatBookedTest" time="74.656"/>
  <testcase classname="testPages.SeatSelectionTest" name="userTriesToEnterTheAdultDetailsTest" time="17.562"/>
  <testcase classname="testPages.SeatSelectionTest" name="userTriesToEnterTheContactDetailsTest" time="27.353"/>
</testsuite> <!-- Parallel -->
