<?xml version="1.0" encoding="UTF-8"?>
<!-- Generated by org.testng.reporters.JUnitXMLReporter -->
<testsuite ignored="0" hostname="Praise-Joseph" failures="1" tests="1" name="FlightBookingSeleniumJavaTestng" time="16.195" errors="0" timestamp="2023-10-02T20:01:08 BST">
  <testcase classname="testPages.FilterTest" name="CheckTheUrlIsCorrectOrNotTest" time="16.144">
    <failure type="java.lang.NullPointerException">
        <![CDATA[java.lang.NullPointerException
at org.openqa.selenium.support.pagefactory.DefaultElementLocator.findElement(DefaultElementLocator.java:70)
at org.openqa.selenium.support.pagefactory.internal.LocatingElementHandler.invoke(LocatingElementHandler.java:39)
at com.sun.proxy.$Proxy10.click(Unknown Source)
at pages.FilterPage.IAmOnPageAndCheckTheUrlIsCorrectOrNot(Filterpages.java:37)
at testPages.FilterTest.CheckTheUrlIsCorrectOrNotTest(FilterTest.java:23)
at java.base/java.util.ArrayList.forEach(ArrayList.java:1541)
at com.intellij.rt.testng.IDEARemoteTestNG.run(IDEARemoteTestNG.java:66)
at com.intellij.rt.testng.RemoteTestNGStarter.main(RemoteTestNGStarter.java:105)
... Removed 24 stack frames]]>
    </failure>
  </testcase> <!-- CheckTheUrlIsCorrectOrNotTest -->
</testsuite> <!-- FlightBookingSeleniumJavaTestng -->
