<?xml version="1.0" encoding="UTF-8"?>
<testng-results ignored="0" total="1" passed="0" failed="1" skipped="0">
  <reporter-output>
  </reporter-output>
  <suite started-at="2023-10-02T20:00:52 BST" name="Default Suite" finished-at="2023-10-02T20:01:08 BST" duration-ms="16195">
    <groups>
    </groups>
    <test started-at="2023-10-02T20:00:52 BST" name="FlightBookingSeleniumJavaTestng" finished-at="2023-10-02T20:01:08 BST" duration-ms="16195">
      <class name="TestPages.FilterTest">
        <test-method is-config="true" signature="s()[pri:0, instance:TestPages.FilterTest@1dac5ef]" started-at="2023-10-02T20:00:52 BST" name="s" finished-at="2023-10-02T20:00:52 BST" duration-ms="14" status="PASS">
          <reporter-output>
          </reporter-output>
        </test-method> <!-- s -->
        <test-method signature="CheckTheUrlIsCorrectOrNotTest()[pri:1, instance:TestPages.FilterTest@1dac5ef]" started-at="2023-10-02T20:00:52 BST" name="CheckTheUrlIsCorrectOrNotTest" finished-at="2023-10-02T20:01:08 BST" duration-ms="16144" status="FAIL">
          <exception class="java.lang.NullPointerException">
            <full-stacktrace>
                <![CDATA[java.lang.NullPointerException
at org.openqa.selenium.support.pagefactory.DefaultElementLocator.findElement(DefaultElementLocator.java:70)
at org.openqa.selenium.support.pagefactory.internal.LocatingElementHandler.invoke(LocatingElementHandler.java:39)
at com.sun.proxy.$Proxy10.click(Unknown Source)
at pages.Filterpage.IAmOnPageAndCheckTheUrlIsCorrectOrNot(Filterpages.java:37)
at TestPages.FilterTest.CheckTheUrlIsCorrectOrNotTest(FilterTest.java:23)
at java.base/jdk.internal.reflect.NativeMethodAccessorImpl.invoke0(Native Method)
at java.base/jdk.internal.reflect.NativeMethodAccessorImpl.invoke(NativeMethodAccessorImpl.java:62)
at java.base/jdk.internal.reflect.DelegatingMethodAccessorImpl.invoke(DelegatingMethodAccessorImpl.java:43)
at java.base/java.lang.reflect.Method.invoke(Method.java:566)
at org.testng.internal.MethodInvocationHelper.invokeMethod(MethodInvocationHelper.java:134)
at org.testng.internal.TestInvoker.invokeMethod(TestInvoker.java:597)
at org.testng.internal.TestInvoker.invokeTestMethod(TestInvoker.java:173)
at org.testng.internal.MethodRunner.runInSequence(MethodRunner.java:46)
at org.testng.internal.TestInvoker$MethodInvocationAgent.invoke(TestInvoker.java:816)
at org.testng.internal.TestInvoker.invokeTestMethods(TestInvoker.java:146)
at org.testng.internal.TestMethodWorker.invokeTestMethods(TestMethodWorker.java:146)
at org.testng.internal.TestMethodWorker.run(TestMethodWorker.java:128)
at java.base/java.util.ArrayList.forEach(ArrayList.java:1541)
at org.testng.TestRunner.privateRun(TestRunner.java:766)
at org.testng.TestRunner.run(TestRunner.java:587)
at org.testng.SuiteRunner.runTest(SuiteRunner.java:384)
at org.testng.SuiteRunner.runSequentially(SuiteRunner.java:378)
at org.testng.SuiteRunner.privateRun(SuiteRunner.java:337)
at org.testng.SuiteRunner.run(SuiteRunner.java:286)
at org.testng.SuiteRunnerWorker.runSuite(SuiteRunnerWorker.java:53)
at org.testng.SuiteRunnerWorker.run(SuiteRunnerWorker.java:96)
at org.testng.TestNG.runSuitesSequentially(TestNG.java:1187)
at org.testng.TestNG.runSuitesLocally(TestNG.java:1109)
at org.testng.TestNG.runSuites(TestNG.java:1039)
at org.testng.TestNG.run(TestNG.java:1007)
at com.intellij.rt.testng.IDEARemoteTestNG.run(IDEARemoteTestNG.java:66)
at com.intellij.rt.testng.RemoteTestNGStarter.main(RemoteTestNGStarter.java:105)
]]>
            </full-stacktrace>
          </exception> <!-- java.lang.NullPointerException -->
          <reporter-output>
          </reporter-output>
        </test-method> <!-- CheckTheUrlIsCorrectOrNotTest -->
      </class> <!-- TestPages.FilterTest -->
    </test> <!-- FlightBookingSeleniumJavaTestng -->
  </suite> <!-- Default Suite -->
</testng-results>
