<?xml version="1.0" encoding="UTF-8"?>
<testng-results ignored="0" total="8" passed="8" failed="0" skipped="0">
  <reporter-output>
  </reporter-output>
  <suite started-at="2023-10-04T16:34:28 BST" name="Flight Booking Test Suite" finished-at="2023-10-04T16:46:40 BST" duration-ms="732151">
    <groups>
    </groups>
    <test started-at="2023-10-04T16:34:28 BST" name="Flight Booking Test" finished-at="2023-10-04T16:46:40 BST" duration-ms="732151">
      <class name="testPages.SeatSelectionTest">
        <test-method is-config="true" signature="checkTheAvailabilityOfFlightsTest()[pri:0, instance:testPages.SeatSelectionTest@7586beff]" started-at="2023-10-04T16:39:33 BST" name="checkTheAvailabilityOfFlightsTest" finished-at="2023-10-04T16:40:22 BST" duration-ms="48895" status="PASS">
          <reporter-output>
          </reporter-output>
        </test-method> <!-- checkTheAvailabilityOfFlightsTest -->
        <test-method signature="selectFlightTest()[pri:1, instance:testPages.SeatSelectionTest@7586beff]" started-at="2023-10-04T16:40:22 BST" name="selectFlightTest" finished-at="2023-10-04T16:40:39 BST" duration-ms="17190" status="PASS">
          <reporter-output>
          </reporter-output>
        </test-method> <!-- selectFlightTest -->
        <test-method is-config="true" signature="teardown()[pri:0, instance:testPages.SeatSelectionTest@7586beff]" started-at="2023-10-04T16:40:39 BST" name="teardown" finished-at="2023-10-04T16:40:39 BST" duration-ms="266" status="PASS">
          <reporter-output>
          </reporter-output>
        </test-method> <!-- teardown -->
        <test-method is-config="true" signature="checkTheAvailabilityOfFlightsTest()[pri:0, instance:testPages.SeatSelectionTest@7586beff]" started-at="2023-10-04T16:40:39 BST" name="checkTheAvailabilityOfFlightsTest" finished-at="2023-10-04T16:41:26 BST" duration-ms="46695" status="PASS">
          <reporter-output>
          </reporter-output>
        </test-method> <!-- checkTheAvailabilityOfFlightsTest -->
        <test-method signature="passengersCountIncrementTest()[pri:2, instance:testPages.SeatSelectionTest@7586beff]" started-at="2023-10-04T16:41:26 BST" name="passengersCountIncrementTest" finished-at="2023-10-04T16:42:08 BST" duration-ms="42417" status="PASS">
          <reporter-output>
          </reporter-output>
        </test-method> <!-- passengersCountIncrementTest -->
        <test-method is-config="true" signature="teardown()[pri:0, instance:testPages.SeatSelectionTest@7586beff]" started-at="2023-10-04T16:42:08 BST" name="teardown" finished-at="2023-10-04T16:42:08 BST" duration-ms="325" status="PASS">
          <reporter-output>
          </reporter-output>
        </test-method> <!-- teardown -->
        <test-method is-config="true" signature="checkTheAvailabilityOfFlightsTest()[pri:0, instance:testPages.SeatSelectionTest@7586beff]" started-at="2023-10-04T16:42:08 BST" name="checkTheAvailabilityOfFlightsTest" finished-at="2023-10-04T16:42:58 BST" duration-ms="50054" status="PASS">
          <reporter-output>
          </reporter-output>
        </test-method> <!-- checkTheAvailabilityOfFlightsTest -->
        <test-method signature="checkTheTypeOfSeatBookedTest()[pri:3, instance:testPages.SeatSelectionTest@7586beff]" started-at="2023-10-04T16:42:58 BST" name="checkTheTypeOfSeatBookedTest" finished-at="2023-10-04T16:44:17 BST" duration-ms="78260" status="PASS">
          <reporter-output>
          </reporter-output>
        </test-method> <!-- checkTheTypeOfSeatBookedTest -->
        <test-method is-config="true" signature="teardown()[pri:0, instance:testPages.SeatSelectionTest@7586beff]" started-at="2023-10-04T16:44:17 BST" name="teardown" finished-at="2023-10-04T16:44:17 BST" duration-ms="369" status="PASS">
          <reporter-output>
          </reporter-output>
        </test-method> <!-- teardown -->
        <test-method is-config="true" signature="checkTheAvailabilityOfFlightsTest()[pri:0, instance:testPages.SeatSelectionTest@7586beff]" started-at="2023-10-04T16:44:18 BST" name="checkTheAvailabilityOfFlightsTest" finished-at="2023-10-04T16:45:04 BST" duration-ms="46551" status="PASS">
          <reporter-output>
          </reporter-output>
        </test-method> <!-- checkTheAvailabilityOfFlightsTest -->
        <test-method signature="userTriesToEnterTheAdultDetailsTest(java.lang.String, java.lang.String)[pri:4, instance:testPages.SeatSelectionTest@7586beff]" started-at="2023-10-04T16:45:04 BST" name="userTriesToEnterTheAdultDetailsTest" data-provider="AdultDetails" finished-at="2023-10-04T16:45:24 BST" duration-ms="19806" status="PASS">
          <params>
            <param index="0">
              <value>
                <![CDATA[Anu]]>
              </value>
            </param>
            <param index="1">
              <value>
                <![CDATA[Jose]]>
              </value>
            </param>
          </params>
          <reporter-output>
          </reporter-output>
        </test-method> <!-- userTriesToEnterTheAdultDetailsTest -->
        <test-method is-config="true" signature="teardown()[pri:0, instance:testPages.SeatSelectionTest@7586beff]" started-at="2023-10-04T16:45:24 BST" name="teardown" finished-at="2023-10-04T16:45:24 BST" duration-ms="315" status="PASS">
          <reporter-output>
          </reporter-output>
        </test-method> <!-- teardown -->
        <test-method is-config="true" signature="checkTheAvailabilityOfFlightsTest()[pri:0, instance:testPages.SeatSelectionTest@7586beff]" started-at="2023-10-04T16:45:24 BST" name="checkTheAvailabilityOfFlightsTest" finished-at="2023-10-04T16:46:11 BST" duration-ms="47031" status="PASS">
          <reporter-output>
          </reporter-output>
        </test-method> <!-- checkTheAvailabilityOfFlightsTest -->
        <test-method signature="userTriesToEnterTheContactDetailsTest(java.lang.String, java.lang.String, java.lang.String, java.lang.String, java.lang.String, java.lang.String)[pri:5, instance:testPages.SeatSelectionTest@7586beff]" started-at="2023-10-04T16:46:11 BST" name="userTriesToEnterTheContactDetailsTest" data-provider="ContactDetails" finished-at="2023-10-04T16:46:39 BST" duration-ms="28080" status="PASS">
          <params>
            <param index="0">
              <value>
                <![CDATA[ab@gmail.com]]>
              </value>
            </param>
            <param index="1">
              <value>
                <![CDATA[ab@gmail.com]]>
              </value>
            </param>
            <param index="2">
              <value>
                <![CDATA[7.845452376E9]]>
              </value>
            </param>
            <param index="3">
              <value>
                <![CDATA[muva]]>
              </value>
            </param>
            <param index="4">
              <value>
                <![CDATA[rt67u8]]>
              </value>
            </param>
            <param index="5">
              <value>
                <![CDATA[ekm]]>
              </value>
            </param>
          </params>
          <reporter-output>
          </reporter-output>
        </test-method> <!-- userTriesToEnterTheContactDetailsTest -->
        <test-method is-config="true" signature="teardown()[pri:0, instance:testPages.SeatSelectionTest@7586beff]" started-at="2023-10-04T16:46:39 BST" name="teardown" finished-at="2023-10-04T16:46:40 BST" duration-ms="317" status="PASS">
          <reporter-output>
          </reporter-output>
        </test-method> <!-- teardown -->
      </class> <!-- testPages.SeatSelectionTest -->
      <class name="testPages.FilterTest">
        <test-method is-config="true" signature="checkTheAvailabilityOfFlightsTest()[pri:0, instance:testPages.FilterTest@4c12331b]" started-at="2023-10-04T16:34:28 BST" name="checkTheAvailabilityOfFlightsTest" finished-at="2023-10-04T16:35:31 BST" duration-ms="63441" status="PASS">
          <reporter-output>
          </reporter-output>
        </test-method> <!-- checkTheAvailabilityOfFlightsTest -->
        <test-method signature="priceSortTest()[pri:1, instance:testPages.FilterTest@4c12331b]" started-at="2023-10-04T16:35:31 BST" name="priceSortTest" finished-at="2023-10-04T16:36:02 BST" duration-ms="30706" status="PASS">
          <reporter-output>
          </reporter-output>
        </test-method> <!-- priceSortTest -->
        <test-method is-config="true" signature="teardown()[pri:0, instance:testPages.FilterTest@4c12331b]" started-at="2023-10-04T16:36:02 BST" name="teardown" finished-at="2023-10-04T16:36:02 BST" duration-ms="266" status="PASS">
          <reporter-output>
          </reporter-output>
        </test-method> <!-- teardown -->
        <test-method is-config="true" signature="checkTheAvailabilityOfFlightsTest()[pri:0, instance:testPages.FilterTest@4c12331b]" started-at="2023-10-04T16:36:02 BST" name="checkTheAvailabilityOfFlightsTest" finished-at="2023-10-04T16:37:28 BST" duration-ms="86359" status="PASS">
          <reporter-output>
          </reporter-output>
        </test-method> <!-- checkTheAvailabilityOfFlightsTest -->
        <test-method signature="flightHoursTest()[pri:2, instance:testPages.FilterTest@4c12331b]" started-at="2023-10-04T16:37:28 BST" name="flightHoursTest" finished-at="2023-10-04T16:38:00 BST" duration-ms="31462" status="PASS">
          <reporter-output>
          </reporter-output>
        </test-method> <!-- flightHoursTest -->
        <test-method is-config="true" signature="teardown()[pri:0, instance:testPages.FilterTest@4c12331b]" started-at="2023-10-04T16:38:00 BST" name="teardown" finished-at="2023-10-04T16:38:00 BST" duration-ms="309" status="PASS">
          <reporter-output>
          </reporter-output>
        </test-method> <!-- teardown -->
        <test-method is-config="true" signature="checkTheAvailabilityOfFlightsTest()[pri:0, instance:testPages.FilterTest@4c12331b]" started-at="2023-10-04T16:38:00 BST" name="checkTheAvailabilityOfFlightsTest" finished-at="2023-10-04T16:39:03 BST" duration-ms="62910" status="PASS">
          <reporter-output>
          </reporter-output>
        </test-method> <!-- checkTheAvailabilityOfFlightsTest -->
        <test-method signature="flightStopTest()[pri:3, instance:testPages.FilterTest@4c12331b]" started-at="2023-10-04T16:39:03 BST" name="flightStopTest" finished-at="2023-10-04T16:39:32 BST" duration-ms="29277" status="PASS">
          <reporter-output>
          </reporter-output>
        </test-method> <!-- flightStopTest -->
        <test-method is-config="true" signature="teardown()[pri:0, instance:testPages.FilterTest@4c12331b]" started-at="2023-10-04T16:39:32 BST" name="teardown" finished-at="2023-10-04T16:39:33 BST" duration-ms="260" status="PASS">
          <reporter-output>
          </reporter-output>
        </test-method> <!-- teardown -->
      </class> <!-- testPages.FilterTest -->
    </test> <!-- Flight Booking Test -->
  </suite> <!-- Flight Booking Test Suite -->
</testng-results>
