<?xml version="1.0" encoding="UTF-8"?>
<!-- Generated by org.testng.reporters.JUnitXMLReporter -->
<testsuite ignored="0" hostname="Praise-Joseph" failures="0" tests="8" name="Flight Booking Test" time="732.151" errors="0" timestamp="2023-10-04T16:46:40 BST">
  <testcase classname="testPages.FilterTest" name="priceSortTest" time="30.706"/>
  <testcase classname="testPages.FilterTest" name="flightHoursTest" time="31.462"/>
  <testcase classname="testPages.FilterTest" name="flightStopTest" time="29.277"/>
  <testcase classname="testPages.SeatSelectionTest" name="selectFlightTest" time="17.19"/>
  <testcase classname="testPages.SeatSelectionTest" name="passengersCountIncrementTest" time="42.417"/>
  <testcase classname="testPages.SeatSelectionTest" name="checkTheTypeOfSeatBookedTest" time="78.26"/>
  <testcase classname="testPages.SeatSelectionTest" name="userTriesToEnterTheAdultDetailsTest" time="19.806"/>
  <testcase classname="testPages.SeatSelectionTest" name="userTriesToEnterTheContactDetailsTest" time="28.08"/>
</testsuite> <!-- Flight Booking Test -->
