<?xml version="1.0" encoding="UTF-8"?>
<!-- Generated by org.testng.reporters.JUnitXMLReporter -->
<testsuite ignored="0" hostname="Praise-Joseph" failures="0" tests="8" name="FlightBooking" time="698.966" errors="0" timestamp="2023-10-04T16:23:54 BST">
  <testcase classname="testPages.FilterTest" name="priceSortTest" time="30.288"/>
  <testcase classname="testPages.FilterTest" name="flightHoursTest" time="30.78"/>
  <testcase classname="testPages.FilterTest" name="flightStopTest" time="29.132"/>
  <testcase classname="testPages.SeatSelectionTest" name="selectFlightTest" time="17.088"/>
  <testcase classname="testPages.SeatSelectionTest" name="passengersCountIncrementTest" time="42.554"/>
  <testcase classname="testPages.SeatSelectionTest" name="checkTheTypeOfSeatBookedTest" time="75.587"/>
  <testcase classname="testPages.SeatSelectionTest" name="userTriesToEnterTheAdultDetailsTest" time="20.338"/>
  <testcase classname="testPages.SeatSelectionTest" name="userTriesToEnterTheContactDetailsTest" time="28.068"/>
</testsuite> <!-- FlightBooking -->
